<?xml version="1.0" encoding="UTF-8"?>
<!-- Generated by org.testng.reporters.JUnitXMLReporter -->
<testsuite ignored="0" hostname="seleniuminstance2-0" failures="0" tests="3" name="Surefire test" time="40.125" errors="0" timestamp="2023-09-22T21:04:15 UTC">
  <testcase classname="runner.Testcase3" name="addtocart" time="18.658"/>
  <testcase classname="runner.Testcase2" name="SearchProduct" time="7.005"/>
  <testcase classname="runner.Testcase1" name="todaysDeal" time="3.967"/>
</testsuite> <!-- Surefire test -->
